[  0%] Built target tf_generate_messages_nodejs
[  0%] Built target std_msgs_generate_messages_nodejs
[  0%] Built target geometry_msgs_generate_messages_nodejs
[  0%] Built target actionlib_msgs_generate_messages_nodejs
[  0%] Built target _tracking_pid_generate_messages_check_deps_FollowPathActionResult
[  0%] Built target _tracking_pid_generate_messages_check_deps_trajectory
[  0%] Built target nav_msgs_generate_messages_nodejs
[  0%] Built target _tracking_pid_generate_messages_check_deps_PidDebug
[  0%] Built target _tracking_pid_generate_messages_check_deps_FollowPathGoal
[  0%] Built target _tracking_pid_generate_messages_check_deps_traj_point
[  0%] Built target _tracking_pid_generate_messages_check_deps_FollowPathResult
[  0%] Built target _tracking_pid_generate_messages_check_deps_FollowPathActionFeedback
[  0%] Built target _tracking_pid_generate_messages_check_deps_FollowPathAction
[  0%] Built target nav_msgs_generate_messages_lisp
[  0%] Built target actionlib_msgs_generate_messages_lisp
[  0%] Built target _tracking_pid_generate_messages_check_deps_FollowPathFeedback
[  0%] Built target std_msgs_generate_messages_lisp
[  0%] Built target geometry_msgs_generate_messages_lisp
[  0%] Built target _tracking_pid_generate_messages_check_deps_FollowPathActionGoal
[  1%] Built target visualization_msgs_generate_messages_py
[  3%] Built target tracking_pid_gencfg
[  3%] Built target nav_msgs_generate_messages_eus
[  3%] Built target visualization_msgs_generate_messages_nodejs
[  3%] Built target visualization_msgs_generate_messages_lisp
[  3%] Built target geometry_msgs_generate_messages_eus
[  3%] Built target actionlib_msgs_generate_messages_eus
[  3%] Built target tf2_msgs_generate_messages_nodejs
[  3%] Built target std_msgs_generate_messages_eus
[  3%] Built target tf2_msgs_generate_messages_eus
[  3%] Built target tf2_msgs_generate_messages_lisp
[  3%] Built target roscpp_generate_messages_eus
[  3%] Built target sensor_msgs_generate_messages_py
[  3%] Built target sensor_msgs_generate_messages_nodejs
[  3%] Built target roscpp_generate_messages_cpp
[  3%] Built target sensor_msgs_generate_messages_lisp
[  3%] Built target visualization_msgs_generate_messages_cpp
[  3%] Built target std_msgs_generate_messages_py
[  3%] Built target sensor_msgs_generate_messages_eus
[  3%] Built target roscpp_generate_messages_nodejs
[  3%] Built target std_msgs_generate_messages_cpp
[  3%] Built target actionlib_msgs_generate_messages_py
[  3%] Built target tf_generate_messages_eus
[  3%] Built target actionlib_generate_messages_cpp
[  3%] Built target rosgraph_msgs_generate_messages_nodejs
[  3%] Built target rosgraph_msgs_generate_messages_lisp
[  3%] Built target actionlib_generate_messages_py
[  3%] Built target actionlib_generate_messages_lisp
[  3%] Built target _catkin_empty_exported_target
[  3%] Built target actionlib_generate_messages_nodejs
[  3%] Built target rosgraph_msgs_generate_messages_py
[  3%] Built target roscpp_generate_messages_lisp
[  3%] Built target nav_msgs_generate_messages_py
[  3%] Built target geometry_msgs_generate_messages_py
[  3%] Built target actionlib_msgs_generate_messages_cpp
[  3%] Built target actionlib_generate_messages_eus
[  3%] Built target roscpp_generate_messages_py
[  3%] Built target tf_generate_messages_py
[  3%] Built target rosgraph_msgs_generate_messages_eus
[  3%] Built target std_srvs_generate_messages_py
[  3%] Built target rosgraph_msgs_generate_messages_cpp
[  3%] Built target visualization_msgs_generate_messages_eus
[  3%] Built target dynamic_reconfigure_generate_messages_py
[  3%] Built target nav_msgs_generate_messages_cpp
[  3%] Built target std_srvs_generate_messages_cpp
[  3%] Built target tf2_msgs_generate_messages_cpp
[  3%] Built target std_srvs_generate_messages_nodejs
[  3%] Built target dynamic_reconfigure_generate_messages_cpp
[  3%] Built target tf2_msgs_generate_messages_py
[  3%] Built target dynamic_reconfigure_generate_messages_lisp
[  3%] Built target dynamic_reconfigure_gencfg
[  3%] Built target std_srvs_generate_messages_lisp
[  3%] Built target dynamic_reconfigure_generate_messages_nodejs
[  3%] Built target geometry_msgs_generate_messages_cpp
[  3%] Built target sensor_msgs_generate_messages_cpp
[  3%] Built target dynamic_reconfigure_generate_messages_eus
[  3%] Built target tf_generate_messages_cpp
[  5%] Built target tf_generate_messages_lisp
[ 20%] Built target tracking_pid_generate_messages_lisp
[ 20%] Built target std_srvs_generate_messages_eus
[ 37%] Built target tracking_pid_generate_messages_nodejs
[ 59%] Built target tracking_pid_generate_messages_py
[ 74%] Built target tracking_pid_generate_messages_eus
[ 91%] Built target tracking_pid_generate_messages_cpp
[35m[1mScanning dependencies of target tracking_pid[0m
[35m[1mScanning dependencies of target controller[0m
[ 91%] Built target tracking_pid_generate_messages
[ 94%] [32mBuilding CXX object CMakeFiles/controller.dir/src/controller.cpp.o[0m
[ 94%] [32mBuilding CXX object CMakeFiles/tracking_pid.dir/src/controller.cpp.o[0m
[ 96%] [32m[1mLinking CXX executable /home/metoak/Desktop/multi_robot_coverage_planning/Multi-Robot-Coverage-Planning/devel/.private/tracking_pid/lib/tracking_pid/controller[0m
[ 98%] [32m[1mLinking CXX shared library /home/metoak/Desktop/multi_robot_coverage_planning/Multi-Robot-Coverage-Planning/devel/.private/tracking_pid/lib/libtracking_pid.so[0m
[ 98%] Built target tracking_pid
[100%] Built target controller
